Build started 1/12/2024 1:21:33 AM.
     1>Project "C:\Users\janko\OneDrive\documents\visual studio 2010\Projects\Seminarski\Seminarski\Seminarski.vcxproj" on node 2 (build target(s)).
     1>InitializeBuildStatus:
         Touching "Debug\Seminarski.unsuccessfulbuild".
       ClCompile:
         c:\Program Files (x86)\Microsoft Visual Studio 10.0\VC\bin\CL.exe /c /ZI /nologo /W3 /WX- /Od /Oy- /D WIN32 /D _DEBUG /D _CONSOLE /D _UNICODE /D UNICODE /Gm /EHsc /RTC1 /MDd /GS /fp:precise /Zc:wchar_t /Zc:forScope /Fo"Debug\\" /Fd"Debug\vc100.pdb" /Gd /TC /analyze- /errorReport:prompt main.c
         main.c
     1>c:\users\janko\onedrive\documents\visual studio 2010\projects\seminarski\seminarski\main.c(53): warning C4101: 'fptr' : unreferenced local variable
     1>c:\users\janko\onedrive\documents\visual studio 2010\projects\seminarski\seminarski\main.c(55): warning C4101: 'recV' : unreferenced local variable
     1>c:\users\janko\onedrive\documents\visual studio 2010\projects\seminarski\seminarski\main.c(54): warning C4101: 'resenje' : unreferenced local variable
     1>c:\users\janko\onedrive\documents\visual studio 2010\projects\seminarski\seminarski\main.c(106): warning C4996: 'fopen': This function or variable may be unsafe. Consider using fopen_s instead. To disable deprecation, use _CRT_SECURE_NO_WARNINGS. See online help for details.
                 c:\program files (x86)\microsoft visual studio 10.0\vc\include\stdio.h(234) : see declaration of 'fopen'
     1>c:\users\janko\onedrive\documents\visual studio 2010\projects\seminarski\seminarski\main.c(104): warning C4101: 'brojReciUFajlu' : unreferenced local variable
     1>c:\users\janko\onedrive\documents\visual studio 2010\projects\seminarski\seminarski\main.c(140): warning C4996: 'scanf': This function or variable may be unsafe. Consider using scanf_s instead. To disable deprecation, use _CRT_SECURE_NO_WARNINGS. See online help for details.
                 c:\program files (x86)\microsoft visual studio 10.0\vc\include\stdio.h(304) : see declaration of 'scanf'
     1>c:\users\janko\onedrive\documents\visual studio 2010\projects\seminarski\seminarski\main.c(164): warning C4996: 'strcpy': This function or variable may be unsafe. Consider using strcpy_s instead. To disable deprecation, use _CRT_SECURE_NO_WARNINGS. See online help for details.
                 c:\program files (x86)\microsoft visual studio 10.0\vc\include\string.h(105) : see declaration of 'strcpy'
     1>c:\users\janko\onedrive\documents\visual studio 2010\projects\seminarski\seminarski\main.c(166): warning C4996: 'strcpy': This function or variable may be unsafe. Consider using strcpy_s instead. To disable deprecation, use _CRT_SECURE_NO_WARNINGS. See online help for details.
                 c:\program files (x86)\microsoft visual studio 10.0\vc\include\string.h(105) : see declaration of 'strcpy'
     1>c:\users\janko\onedrive\documents\visual studio 2010\projects\seminarski\seminarski\main.c(225): warning C4996: 'sprintf': This function or variable may be unsafe. Consider using sprintf_s instead. To disable deprecation, use _CRT_SECURE_NO_WARNINGS. See online help for details.
                 c:\program files (x86)\microsoft visual studio 10.0\vc\include\stdio.h(371) : see declaration of 'sprintf'
     1>c:\users\janko\onedrive\documents\visual studio 2010\projects\seminarski\seminarski\main.c(231): warning C4996: 'scanf': This function or variable may be unsafe. Consider using scanf_s instead. To disable deprecation, use _CRT_SECURE_NO_WARNINGS. See online help for details.
                 c:\program files (x86)\microsoft visual studio 10.0\vc\include\stdio.h(304) : see declaration of 'scanf'
     1>c:\users\janko\onedrive\documents\visual studio 2010\projects\seminarski\seminarski\main.c(309): warning C4996: 'sprintf': This function or variable may be unsafe. Consider using sprintf_s instead. To disable deprecation, use _CRT_SECURE_NO_WARNINGS. See online help for details.
                 c:\program files (x86)\microsoft visual studio 10.0\vc\include\stdio.h(371) : see declaration of 'sprintf'
     1>c:\users\janko\onedrive\documents\visual studio 2010\projects\seminarski\seminarski\main.c(323): warning C4996: 'sprintf': This function or variable may be unsafe. Consider using sprintf_s instead. To disable deprecation, use _CRT_SECURE_NO_WARNINGS. See online help for details.
                 c:\program files (x86)\microsoft visual studio 10.0\vc\include\stdio.h(371) : see declaration of 'sprintf'
     1>c:\users\janko\onedrive\documents\visual studio 2010\projects\seminarski\seminarski\main.c(358): warning C4244: 'function' : conversion from 'time_t' to 'unsigned int', possible loss of data
     1>c:\users\janko\onedrive\documents\visual studio 2010\projects\seminarski\seminarski\main.c(368): warning C4996: 'fopen': This function or variable may be unsafe. Consider using fopen_s instead. To disable deprecation, use _CRT_SECURE_NO_WARNINGS. See online help for details.
                 c:\program files (x86)\microsoft visual studio 10.0\vc\include\stdio.h(234) : see declaration of 'fopen'
     1>c:\users\janko\onedrive\documents\visual studio 2010\projects\seminarski\seminarski\main.c(381): warning C4996: 'strcpy': This function or variable may be unsafe. Consider using strcpy_s instead. To disable deprecation, use _CRT_SECURE_NO_WARNINGS. See online help for details.
                 c:\program files (x86)\microsoft visual studio 10.0\vc\include\string.h(105) : see declaration of 'strcpy'
     1>c:\users\janko\onedrive\documents\visual studio 2010\projects\seminarski\seminarski\main.c(385): warning C4996: 'strcpy': This function or variable may be unsafe. Consider using strcpy_s instead. To disable deprecation, use _CRT_SECURE_NO_WARNINGS. See online help for details.
                 c:\program files (x86)\microsoft visual studio 10.0\vc\include\string.h(105) : see declaration of 'strcpy'
     1>c:\users\janko\onedrive\documents\visual studio 2010\projects\seminarski\seminarski\main.c(397): warning C4996: 'fopen': This function or variable may be unsafe. Consider using fopen_s instead. To disable deprecation, use _CRT_SECURE_NO_WARNINGS. See online help for details.
                 c:\program files (x86)\microsoft visual studio 10.0\vc\include\stdio.h(234) : see declaration of 'fopen'
     1>c:\users\janko\onedrive\documents\visual studio 2010\projects\seminarski\seminarski\main.c(412): warning C4996: 'strcpy': This function or variable may be unsafe. Consider using strcpy_s instead. To disable deprecation, use _CRT_SECURE_NO_WARNINGS. See online help for details.
                 c:\program files (x86)\microsoft visual studio 10.0\vc\include\string.h(105) : see declaration of 'strcpy'
     1>c:\users\janko\onedrive\documents\visual studio 2010\projects\seminarski\seminarski\main.c(416): warning C4996: 'strcpy': This function or variable may be unsafe. Consider using strcpy_s instead. To disable deprecation, use _CRT_SECURE_NO_WARNINGS. See online help for details.
                 c:\program files (x86)\microsoft visual studio 10.0\vc\include\string.h(105) : see declaration of 'strcpy'
     1>c:\users\janko\onedrive\documents\visual studio 2010\projects\seminarski\seminarski\main.c(463): warning C4996: 'fopen': This function or variable may be unsafe. Consider using fopen_s instead. To disable deprecation, use _CRT_SECURE_NO_WARNINGS. See online help for details.
                 c:\program files (x86)\microsoft visual studio 10.0\vc\include\stdio.h(234) : see declaration of 'fopen'
     1>c:\users\janko\onedrive\documents\visual studio 2010\projects\seminarski\seminarski\main.c(489): warning C4996: 'fopen': This function or variable may be unsafe. Consider using fopen_s instead. To disable deprecation, use _CRT_SECURE_NO_WARNINGS. See online help for details.
                 c:\program files (x86)\microsoft visual studio 10.0\vc\include\stdio.h(234) : see declaration of 'fopen'
     1>c:\users\janko\onedrive\documents\visual studio 2010\projects\seminarski\seminarski\main.c(504): warning C4996: 'strcpy': This function or variable may be unsafe. Consider using strcpy_s instead. To disable deprecation, use _CRT_SECURE_NO_WARNINGS. See online help for details.
                 c:\program files (x86)\microsoft visual studio 10.0\vc\include\string.h(105) : see declaration of 'strcpy'
     1>c:\users\janko\onedrive\documents\visual studio 2010\projects\seminarski\seminarski\main.c(532): warning C4996: 'scanf': This function or variable may be unsafe. Consider using scanf_s instead. To disable deprecation, use _CRT_SECURE_NO_WARNINGS. See online help for details.
                 c:\program files (x86)\microsoft visual studio 10.0\vc\include\stdio.h(304) : see declaration of 'scanf'
     1>c:\users\janko\onedrive\documents\visual studio 2010\projects\seminarski\seminarski\main.c(539): warning C4996: 'gets': This function or variable may be unsafe. Consider using gets_s instead. To disable deprecation, use _CRT_SECURE_NO_WARNINGS. See online help for details.
                 c:\program files (x86)\microsoft visual studio 10.0\vc\include\stdio.h(277) : see declaration of 'gets'
       ManifestResourceCompile:
         All outputs are up-to-date.
       Link:
         c:\Program Files (x86)\Microsoft Visual Studio 10.0\VC\bin\link.exe /ERRORREPORT:PROMPT /OUT:"C:\Users\janko\onedrive\documents\visual studio 2010\Projects\Seminarski\Debug\Seminarski.exe" /INCREMENTAL /NOLOGO kernel32.lib user32.lib gdi32.lib winspool.lib comdlg32.lib advapi32.lib shell32.lib ole32.lib oleaut32.lib uuid.lib odbc32.lib odbccp32.lib /MANIFEST /ManifestFile:"Debug\Seminarski.exe.intermediate.manifest" /MANIFESTUAC:"level='asInvoker' uiAccess='false'" /DEBUG /PDB:"C:\Users\janko\onedrive\documents\visual studio 2010\Projects\Seminarski\Debug\Seminarski.pdb" /SUBSYSTEM:CONSOLE /TLBID:1 /DYNAMICBASE /NXCOMPAT /IMPLIB:"C:\Users\janko\onedrive\documents\visual studio 2010\Projects\Seminarski\Debug\Seminarski.lib" /MACHINE:X86 Debug\Seminarski.exe.embed.manifest.res
         Debug\main.obj
       Manifest:
         c:\Program Files (x86)\Microsoft SDKs\Windows\v7.0A\bin\mt.exe /nologo /verbose /out:"Debug\Seminarski.exe.embed.manifest" /manifest Debug\Seminarski.exe.intermediate.manifest
         All outputs are up-to-date.
       LinkEmbedManifest:
         All outputs are up-to-date.
         Seminarski.vcxproj -> C:\Users\janko\onedrive\documents\visual studio 2010\Projects\Seminarski\Debug\Seminarski.exe
       FinalizeBuildStatus:
         Deleting file "Debug\Seminarski.unsuccessfulbuild".
         Touching "Debug\Seminarski.lastbuildstate".
     1>Done Building Project "C:\Users\janko\OneDrive\documents\visual studio 2010\Projects\Seminarski\Seminarski\Seminarski.vcxproj" (build target(s)).

Build succeeded.

Time Elapsed 00:00:01.27
